<?xml version="1.0" ?>
<testsuites disabled="0" errors="0" failures="0" tests="1" time="4.11545467376709">
	<testsuite disabled="0" errors="0" failures="0" name="IncrementorRelaySystem" skipped="0" tests="1" time="4.11545467376709">
		<testcase name="Counts up number. 1 2 3 etc" time="4.115455" classname="System Behavior Tests"/>
	</testsuite>
</testsuites>
